app/build/intermediates/manifest_merge_blame_file/debug/manifest-merger-blame-debug-report.txt
1<?xml version="1.0" encoding="utf-8"?>
2<manifest xmlns:android="http://schemas.android.com/apk/res/android"
3    package="com.example.vaadapp"
4    android:versionCode="1"
5    android:versionName="1.0" >
6
7    <uses-sdk
8        android:minSdkVersion="21"
8-->src\main\AndroidManifest.xml
9        android:targetSdkVersion="30" />
9-->src\main\AndroidManifest.xml
10
11    <!-- Although the *SdkVersion is captured in gradle build files, this is required for non gradle builds -->
12    <!-- <uses-sdk android:minSdkVersion="14"/> -->
13    <uses-permission android:name="android.permission.ACCESS_NETWORK_STATE" />
13-->[com.google.firebase:firebase-database:19.5.1] AndroidManifest.xml:25:5-79
13-->[com.google.firebase:firebase-database:19.5.1] AndroidManifest.xml:25:22-76
14    <uses-permission android:name="android.permission.INTERNET" />
14-->[com.google.firebase:firebase-database:19.5.1] AndroidManifest.xml:26:5-67
14-->[com.google.firebase:firebase-database:19.5.1] AndroidManifest.xml:26:22-64
15
16    <application
16-->src\main\AndroidManifest.xml:5:5-24:19
17        android:allowBackup="true"
17-->src\main\AndroidManifest.xml:6:9-35
18        android:appComponentFactory="androidx.core.app.CoreComponentFactory"
18-->[androidx.core:core:1.3.1] AndroidManifest.xml:24:18-86
19        android:debuggable="true"
20        android:icon="@mipmap/ic_launcher"
20-->src\main\AndroidManifest.xml:7:9-43
21        android:label="@string/app_name"
21-->src\main\AndroidManifest.xml:8:9-41
22        android:roundIcon="@mipmap/ic_launcher_round"
22-->src\main\AndroidManifest.xml:9:9-54
23        android:supportsRtl="true"
23-->src\main\AndroidManifest.xml:10:9-35
24        android:testOnly="true"
25        android:theme="@style/Theme.VaadApp" >
25-->src\main\AndroidManifest.xml:11:9-45
26        <activity
26-->src\main\AndroidManifest.xml:12:9-18:20
27            android:name="com.example.vaadapp.Activities.AuthActivity"
27-->src\main\AndroidManifest.xml:12:19-58
28            android:theme="@style/Theme.VaadApp.NoActionBar" >
28-->src\main\AndroidManifest.xml:12:60-108
29            <intent-filter>
29-->src\main\AndroidManifest.xml:13:13-17:29
30                <action android:name="android.intent.action.MAIN" />
30-->src\main\AndroidManifest.xml:14:17-69
30-->src\main\AndroidManifest.xml:14:25-66
31
32                <category android:name="android.intent.category.LAUNCHER" />
32-->src\main\AndroidManifest.xml:16:17-77
32-->src\main\AndroidManifest.xml:16:27-74
33            </intent-filter>
34        </activity>
35        <activity
35-->src\main\AndroidManifest.xml:19:9-23:20
36            android:name="com.example.vaadapp.Activities.MainActivity"
36-->src\main\AndroidManifest.xml:20:13-52
37            android:theme="@style/Theme.VaadApp.NoActionBar" >
37-->src\main\AndroidManifest.xml:21:13-61
38        </activity>
39
40        <service
40-->[com.google.firebase:firebase-database:19.5.1] AndroidManifest.xml:29:9-35:19
41            android:name="com.google.firebase.components.ComponentDiscoveryService"
41-->[com.google.firebase:firebase-database:19.5.1] AndroidManifest.xml:30:13-84
42            android:directBootAware="true"
42-->[com.google.firebase:firebase-common:19.5.0] AndroidManifest.xml:35:13-43
43            android:exported="false" >
43-->[com.google.firebase:firebase-database:19.5.1] AndroidManifest.xml:31:13-37
44            <meta-data
44-->[com.google.firebase:firebase-database:19.5.1] AndroidManifest.xml:32:13-34:85
45                android:name="com.google.firebase.components:com.google.firebase.database.DatabaseRegistrar"
45-->[com.google.firebase:firebase-database:19.5.1] AndroidManifest.xml:33:17-109
46                android:value="com.google.firebase.components.ComponentRegistrar" />
46-->[com.google.firebase:firebase-database:19.5.1] AndroidManifest.xml:34:17-82
47            <meta-data
47-->[com.google.firebase:firebase-storage:19.2.0] AndroidManifest.xml:33:13-35:85
48                android:name="com.google.firebase.components:com.google.firebase.storage.StorageRegistrar"
48-->[com.google.firebase:firebase-storage:19.2.0] AndroidManifest.xml:34:17-107
49                android:value="com.google.firebase.components.ComponentRegistrar" />
49-->[com.google.firebase:firebase-storage:19.2.0] AndroidManifest.xml:35:17-82
50            <meta-data
50-->[com.google.firebase:firebase-auth:20.0.1] AndroidManifest.xml:77:13-79:85
51                android:name="com.google.firebase.components:com.google.firebase.auth.FirebaseAuthRegistrar"
51-->[com.google.firebase:firebase-auth:20.0.1] AndroidManifest.xml:78:17-109
52                android:value="com.google.firebase.components.ComponentRegistrar" />
52-->[com.google.firebase:firebase-auth:20.0.1] AndroidManifest.xml:79:17-82
53            <meta-data
53-->[com.google.firebase:firebase-firestore:22.1.0] AndroidManifest.xml:20:13-22:85
54                android:name="com.google.firebase.components:com.google.firebase.firestore.FirestoreRegistrar"
54-->[com.google.firebase:firebase-firestore:22.1.0] AndroidManifest.xml:21:17-111
55                android:value="com.google.firebase.components.ComponentRegistrar" />
55-->[com.google.firebase:firebase-firestore:22.1.0] AndroidManifest.xml:22:17-82
56            <!--
57                This registrar is not defined in the dynamic-module-support sdk itself to allow non-firebase
58                clients to use it as well, by defining this registrar in their own core/common library.
59            -->
60            <meta-data
60-->[com.google.firebase:firebase-common:19.5.0] AndroidManifest.xml:43:13-45:85
61                android:name="com.google.firebase.components:com.google.firebase.dynamicloading.DynamicLoadingRegistrar"
61-->[com.google.firebase:firebase-common:19.5.0] AndroidManifest.xml:44:17-121
62                android:value="com.google.firebase.components.ComponentRegistrar" />
62-->[com.google.firebase:firebase-common:19.5.0] AndroidManifest.xml:45:17-82
63        </service>
64
65        <activity
65-->[com.google.firebase:firebase-auth:20.0.1] AndroidManifest.xml:27:9-44:20
66            android:name="com.google.firebase.auth.internal.GenericIdpActivity"
66-->[com.google.firebase:firebase-auth:20.0.1] AndroidManifest.xml:28:13-80
67            android:excludeFromRecents="true"
67-->[com.google.firebase:firebase-auth:20.0.1] AndroidManifest.xml:29:13-46
68            android:exported="true"
68-->[com.google.firebase:firebase-auth:20.0.1] AndroidManifest.xml:30:13-36
69            android:launchMode="singleTask"
69-->[com.google.firebase:firebase-auth:20.0.1] AndroidManifest.xml:31:13-44
70            android:theme="@android:style/Theme.Translucent.NoTitleBar" >
70-->[com.google.firebase:firebase-auth:20.0.1] AndroidManifest.xml:32:13-72
71            <intent-filter>
71-->[com.google.firebase:firebase-auth:20.0.1] AndroidManifest.xml:33:13-43:29
72                <action android:name="android.intent.action.VIEW" />
72-->[com.google.firebase:firebase-auth:20.0.1] AndroidManifest.xml:34:17-69
72-->[com.google.firebase:firebase-auth:20.0.1] AndroidManifest.xml:34:25-66
73
74                <category android:name="android.intent.category.DEFAULT" />
74-->[com.google.firebase:firebase-auth:20.0.1] AndroidManifest.xml:36:17-76
74-->[com.google.firebase:firebase-auth:20.0.1] AndroidManifest.xml:36:27-73
75                <category android:name="android.intent.category.BROWSABLE" />
75-->[com.google.firebase:firebase-auth:20.0.1] AndroidManifest.xml:37:17-78
75-->[com.google.firebase:firebase-auth:20.0.1] AndroidManifest.xml:37:27-75
76
77                <data
77-->[com.google.firebase:firebase-auth:20.0.1] AndroidManifest.xml:39:17-42:51
78                    android:host="firebase.auth"
78-->[com.google.firebase:firebase-auth:20.0.1] AndroidManifest.xml:40:21-49
79                    android:path="/"
79-->[com.google.firebase:firebase-auth:20.0.1] AndroidManifest.xml:41:21-37
80                    android:scheme="genericidp" />
80-->[com.google.firebase:firebase-auth:20.0.1] AndroidManifest.xml:42:21-48
81            </intent-filter>
82        </activity>
83        <activity
83-->[com.google.firebase:firebase-auth:20.0.1] AndroidManifest.xml:45:9-62:20
84            android:name="com.google.firebase.auth.internal.RecaptchaActivity"
84-->[com.google.firebase:firebase-auth:20.0.1] AndroidManifest.xml:46:13-79
85            android:excludeFromRecents="true"
85-->[com.google.firebase:firebase-auth:20.0.1] AndroidManifest.xml:47:13-46
86            android:exported="true"
86-->[com.google.firebase:firebase-auth:20.0.1] AndroidManifest.xml:48:13-36
87            android:launchMode="singleTask"
87-->[com.google.firebase:firebase-auth:20.0.1] AndroidManifest.xml:49:13-44
88            android:theme="@android:style/Theme.Translucent.NoTitleBar" >
88-->[com.google.firebase:firebase-auth:20.0.1] AndroidManifest.xml:50:13-72
89            <intent-filter>
89-->[com.google.firebase:firebase-auth:20.0.1] AndroidManifest.xml:51:13-61:29
90                <action android:name="android.intent.action.VIEW" />
90-->[com.google.firebase:firebase-auth:20.0.1] AndroidManifest.xml:34:17-69
90-->[com.google.firebase:firebase-auth:20.0.1] AndroidManifest.xml:34:25-66
91
92                <category android:name="android.intent.category.DEFAULT" />
92-->[com.google.firebase:firebase-auth:20.0.1] AndroidManifest.xml:36:17-76
92-->[com.google.firebase:firebase-auth:20.0.1] AndroidManifest.xml:36:27-73
93                <category android:name="android.intent.category.BROWSABLE" />
93-->[com.google.firebase:firebase-auth:20.0.1] AndroidManifest.xml:37:17-78
93-->[com.google.firebase:firebase-auth:20.0.1] AndroidManifest.xml:37:27-75
94
95                <data
95-->[com.google.firebase:firebase-auth:20.0.1] AndroidManifest.xml:39:17-42:51
96                    android:host="firebase.auth"
96-->[com.google.firebase:firebase-auth:20.0.1] AndroidManifest.xml:40:21-49
97                    android:path="/"
97-->[com.google.firebase:firebase-auth:20.0.1] AndroidManifest.xml:41:21-37
98                    android:scheme="recaptcha" />
98-->[com.google.firebase:firebase-auth:20.0.1] AndroidManifest.xml:42:21-48
99            </intent-filter>
100        </activity>
101
102        <service
102-->[com.google.firebase:firebase-auth:20.0.1] AndroidManifest.xml:64:9-73:19
103            android:name="com.google.firebase.auth.api.fallback.service.FirebaseAuthFallbackService"
103-->[com.google.firebase:firebase-auth:20.0.1] AndroidManifest.xml:65:13-101
104            android:enabled="true"
104-->[com.google.firebase:firebase-auth:20.0.1] AndroidManifest.xml:66:13-35
105            android:exported="false" >
105-->[com.google.firebase:firebase-auth:20.0.1] AndroidManifest.xml:67:13-37
106            <intent-filter>
106-->[com.google.firebase:firebase-auth:20.0.1] AndroidManifest.xml:68:13-72:29
107                <action android:name="com.google.firebase.auth.api.gms.service.START" />
107-->[com.google.firebase:firebase-auth:20.0.1] AndroidManifest.xml:69:17-89
107-->[com.google.firebase:firebase-auth:20.0.1] AndroidManifest.xml:69:25-86
108
109                <category android:name="android.intent.category.DEFAULT" />
109-->[com.google.firebase:firebase-auth:20.0.1] AndroidManifest.xml:36:17-76
109-->[com.google.firebase:firebase-auth:20.0.1] AndroidManifest.xml:36:27-73
110            </intent-filter>
111        </service>
112
113        <activity
113-->[com.google.android.gms:play-services-base:17.1.0] AndroidManifest.xml:23:9-26:75
114            android:name="com.google.android.gms.common.api.GoogleApiActivity"
114-->[com.google.android.gms:play-services-base:17.1.0] AndroidManifest.xml:24:13-79
115            android:exported="false"
115-->[com.google.android.gms:play-services-base:17.1.0] AndroidManifest.xml:25:13-37
116            android:theme="@android:style/Theme.Translucent.NoTitleBar" />
116-->[com.google.android.gms:play-services-base:17.1.0] AndroidManifest.xml:26:13-72
117
118        <provider
118-->[com.google.firebase:firebase-common:19.5.0] AndroidManifest.xml:26:9-31:39
119            android:name="com.google.firebase.provider.FirebaseInitProvider"
119-->[com.google.firebase:firebase-common:19.5.0] AndroidManifest.xml:27:13-77
120            android:authorities="com.example.vaadapp.firebaseinitprovider"
120-->[com.google.firebase:firebase-common:19.5.0] AndroidManifest.xml:28:13-72
121            android:directBootAware="true"
121-->[com.google.firebase:firebase-common:19.5.0] AndroidManifest.xml:29:13-43
122            android:exported="false"
122-->[com.google.firebase:firebase-common:19.5.0] AndroidManifest.xml:30:13-37
123            android:initOrder="100" />
123-->[com.google.firebase:firebase-common:19.5.0] AndroidManifest.xml:31:13-36
124
125        <meta-data
125-->[com.google.android.gms:play-services-basement:17.1.0] AndroidManifest.xml:23:9-25:69
126            android:name="com.google.android.gms.version"
126-->[com.google.android.gms:play-services-basement:17.1.0] AndroidManifest.xml:24:13-58
127            android:value="@integer/google_play_services_version" />
127-->[com.google.android.gms:play-services-basement:17.1.0] AndroidManifest.xml:25:13-66
128    </application>
129
130</manifest>